[ 2015-12-21T13:28:08+08:00 ] 192.168.15.124 /
INFO: [ app_init ] --START--
INFO: Run Behavior\BuildLiteBehavior [ RunTime:0.000028s ]
INFO: Run Common\Behavior\InitHookBehavior [ RunTime:0.022645s ]
INFO: [ app_init ] --END-- [ RunTime:0.028172s ]
INFO: [ app_begin ] --START--
INFO: Run Behavior\ReadHtmlCacheBehavior [ RunTime:0.020052s ]
INFO: [ app_begin ] --END-- [ RunTime:0.020185s ]
SQL: SHOW COLUMNS FROM `webapp_config` [ RunTime:0.0646s ]
SQL: SELECT `type`,`name`,`value` FROM `webapp_config` WHERE `status` = 1  [ RunTime:0.0005s ]
SQL: SHOW COLUMNS FROM `webapp_category` [ RunTime:0.0167s ]
SQL: SELECT `id`,`name`,`title`,`pid`,`sort`,`list_row`,`meta_title`,`keywords`,`description`,`template_index`,`template_lists`,`template_detail`,`template_edit`,`model`,`model_sub`,`type`,`link_id`,`allow_publish`,`display`,`reply`,`check`,`reply_model`,`extend`,`create_time`,`update_time`,`status`,`icon`,`groups` FROM `webapp_category` WHERE `status` = 1 ORDER BY sort  [ RunTime:0.0010s ]
SQL: SHOW COLUMNS FROM `webapp_document` [ RunTime:0.0582s ]
SQL: SELECT `id`,`uid`,`name`,`title`,`category_id`,`group_id`,`description`,`root`,`pid`,`model_id`,`type`,`position`,`link_id`,`cover_id`,`display`,`deadline`,`attach`,`view`,`comment`,`extend`,`level`,`create_time`,`update_time`,`status` FROM `webapp_document` WHERE `status` = 1 AND `pid` = 0 AND `create_time` < 1450675687 AND ( deadline = 0 OR deadline > 1450675687 ) ORDER BY `id` DESC  [ RunTime:0.0008s ]
INFO: [ view_parse ] --START--
INFO: [ template_filter ] --START--
INFO: Run Behavior\ContentReplaceBehavior [ RunTime:0.000124s ]
INFO: [ template_filter ] --END-- [ RunTime:0.000268s ]
SQL: SHOW COLUMNS FROM `webapp_channel` [ RunTime:0.0192s ]
SQL: SELECT `id`,`pid`,`title`,`url`,`sort`,`create_time`,`update_time`,`status`,`target` FROM `webapp_channel` WHERE ( status=1 ) ORDER BY sort  [ RunTime:0.0004s ]
INFO: Run Behavior\ParseTemplateBehavior [ RunTime:0.278982s ]
INFO: [ view_parse ] --END-- [ RunTime:0.279106s ]
INFO: [ view_filter ] --START--
INFO: Run Behavior\WriteHtmlCacheBehavior [ RunTime:0.006189s ]
INFO: [ view_filter ] --END-- [ RunTime:0.006367s ]
INFO: [ app_end ] --START--
INFO: Run Behavior\ShowPageTraceBehavior [ RunTime:0.015028s ]
INFO: [ app_end ] --END-- [ RunTime:0.015180s ]

