[ 2016-01-20T15:32:26+08:00 ] 192.168.1.125 /
INFO: [ app_init ] --START--
INFO: Run Behavior\BuildLiteBehavior [ RunTime:0.000052s ]
INFO: Run Common\Behavior\InitHookBehavior [ RunTime:0.008219s ]
INFO: [ app_init ] --END-- [ RunTime:0.009713s ]
INFO: [ app_begin ] --START--
INFO: Run Behavior\ReadHtmlCacheBehavior [ RunTime:0.000748s ]
INFO: [ app_begin ] --END-- [ RunTime:0.000907s ]
SQL: SHOW COLUMNS FROM `webapp_config` [ RunTime:0.0140s ]
SQL: SELECT `type`,`name`,`value` FROM `webapp_config` WHERE `status` = 1  [ RunTime:0.0005s ]
SQL: SHOW COLUMNS FROM `webapp_category` [ RunTime:0.0132s ]
SQL: SELECT `id`,`name`,`title`,`pid`,`sort`,`list_row`,`meta_title`,`keywords`,`description`,`template_index`,`template_lists`,`template_detail`,`template_edit`,`model`,`model_sub`,`type`,`link_id`,`allow_publish`,`display`,`reply`,`check`,`reply_model`,`extend`,`create_time`,`update_time`,`status`,`icon`,`groups` FROM `webapp_category` WHERE `status` = 1 ORDER BY sort  [ RunTime:0.0011s ]
SQL: SHOW COLUMNS FROM `webapp_document` [ RunTime:0.0053s ]
SQL: SELECT `id`,`uid`,`name`,`title`,`category_id`,`group_id`,`description`,`root`,`pid`,`model_id`,`type`,`position`,`link_id`,`cover_id`,`display`,`deadline`,`attach`,`view`,`comment`,`extend`,`level`,`create_time`,`update_time`,`status` FROM `webapp_document` WHERE `status` = 1 AND `pid` = 0 AND `create_time` < 1453275146 AND ( deadline = 0 OR deadline > 1453275146 ) ORDER BY `id` DESC  [ RunTime:0.0027s ]
INFO: [ view_parse ] --START--
INFO: [ template_filter ] --START--
INFO: Run Behavior\ContentReplaceBehavior [ RunTime:0.000132s ]
INFO: [ template_filter ] --END-- [ RunTime:0.000288s ]
SQL: SHOW COLUMNS FROM `webapp_channel` [ RunTime:0.0048s ]
SQL: SELECT `id`,`pid`,`title`,`url`,`sort`,`create_time`,`update_time`,`status`,`target` FROM `webapp_channel` WHERE ( status=1 ) ORDER BY sort  [ RunTime:0.0006s ]
INFO: Run Behavior\ParseTemplateBehavior [ RunTime:0.057767s ]
INFO: [ view_parse ] --END-- [ RunTime:0.057959s ]
INFO: [ view_filter ] --START--
INFO: Run Behavior\WriteHtmlCacheBehavior [ RunTime:0.000935s ]
INFO: [ view_filter ] --END-- [ RunTime:0.001096s ]
INFO: [ app_end ] --START--
INFO: Run Behavior\ShowPageTraceBehavior [ RunTime:0.000866s ]
INFO: [ app_end ] --END-- [ RunTime:0.001008s ]

[ 2016-01-20T15:32:30+08:00 ] 192.168.1.125 /Home/Index/history.html
INFO: [ app_init ] --START--
INFO: Run Behavior\BuildLiteBehavior [ RunTime:0.000041s ]
INFO: Run Common\Behavior\InitHookBehavior [ RunTime:0.002179s ]
INFO: [ app_init ] --END-- [ RunTime:0.003023s ]
INFO: [ app_begin ] --START--
INFO: Run Behavior\ReadHtmlCacheBehavior [ RunTime:0.000416s ]
INFO: [ app_begin ] --END-- [ RunTime:0.000526s ]
SQL: SHOW COLUMNS FROM `webapp_config` [ RunTime:0.0032s ]
SQL: SELECT `type`,`name`,`value` FROM `webapp_config` WHERE `status` = 1  [ RunTime:0.0003s ]
SQL: SHOW COLUMNS FROM `webapp_document_article` [ RunTime:0.0115s ]
SQL: SELECT `content` FROM `webapp_document_article` WHERE `id` = 10 LIMIT 1   [ RunTime:0.0016s ]
INFO: [ view_parse ] --START--
INFO: [ template_filter ] --START--
INFO: Run Behavior\ContentReplaceBehavior [ RunTime:0.000088s ]
INFO: [ template_filter ] --END-- [ RunTime:0.000197s ]
SQL: SHOW COLUMNS FROM `webapp_channel` [ RunTime:0.0039s ]
SQL: SELECT `id`,`pid`,`title`,`url`,`sort`,`create_time`,`update_time`,`status`,`target` FROM `webapp_channel` WHERE ( status=1 ) ORDER BY sort  [ RunTime:0.0003s ]
SQL: SHOW COLUMNS FROM `webapp_category` [ RunTime:0.0028s ]
SQL: SELECT `pid` FROM `webapp_category` WHERE `id` = 1 LIMIT 1   [ RunTime:0.0002s ]
SQL: SELECT `id`,`name`,`pid`,`title`,`link_id`,`icon`,`template_index` FROM `webapp_category` WHERE `pid` = 0 AND `status` = 1 ORDER BY sort  [ RunTime:0.0004s ]
INFO: [ view_parse ] --START--
INFO: [ template_filter ] --START--
INFO: Run Behavior\ContentReplaceBehavior [ RunTime:0.000067s ]
INFO: [ template_filter ] --END-- [ RunTime:-0.021846s ]
NOTIC: [8] Undefined index: category D:\wamp\www\webapp\Runtime\Cache\Home\6650a60d0a77018122b996056721193f.php 第 5 行.
SQL: SHOW COLUMNS FROM `webapp_picture` [ RunTime:0.0212s ]
SQL: SELECT * FROM `webapp_picture` WHERE `status` = 1 AND `id` = 1 LIMIT 1   [ RunTime:0.0004s ]
NOTIC: [8] Undefined index: category D:\wamp\www\webapp\Runtime\Cache\Home\6650a60d0a77018122b996056721193f.php 第 6 行.
NOTIC: [8] Undefined index: category D:\wamp\www\webapp\Runtime\Cache\Home\6650a60d0a77018122b996056721193f.php 第 5 行.
SQL: SELECT * FROM `webapp_picture` WHERE `status` = 1 AND `id` = 20 LIMIT 1   [ RunTime:0.0004s ]
NOTIC: [8] Undefined index: category D:\wamp\www\webapp\Runtime\Cache\Home\6650a60d0a77018122b996056721193f.php 第 6 行.
NOTIC: [8] Undefined index: category D:\wamp\www\webapp\Runtime\Cache\Home\6650a60d0a77018122b996056721193f.php 第 5 行.
SQL: SELECT * FROM `webapp_picture` WHERE `status` = 1 AND `id` = 3 LIMIT 1   [ RunTime:0.0002s ]
NOTIC: [8] Undefined index: category D:\wamp\www\webapp\Runtime\Cache\Home\6650a60d0a77018122b996056721193f.php 第 6 行.
NOTIC: [8] Undefined index: category D:\wamp\www\webapp\Runtime\Cache\Home\6650a60d0a77018122b996056721193f.php 第 5 行.
SQL: SELECT * FROM `webapp_picture` WHERE `status` = 1 AND `id` = 4 LIMIT 1   [ RunTime:0.0002s ]
NOTIC: [8] Undefined index: category D:\wamp\www\webapp\Runtime\Cache\Home\6650a60d0a77018122b996056721193f.php 第 6 行.
INFO: Run Behavior\ParseTemplateBehavior [ RunTime:0.032880s ]
INFO: [ view_parse ] --END-- [ RunTime:0.033038s ]
INFO: [ view_filter ] --START--
INFO: Run Behavior\WriteHtmlCacheBehavior [ RunTime:0.000388s ]
INFO: [ view_filter ] --END-- [ RunTime:0.000485s ]
INFO: Run Behavior\ParseTemplateBehavior [ RunTime:0.033597s ]
INFO: [ view_parse ] --END-- [ RunTime:0.033038s ]
INFO: [ view_filter ] --START--
INFO: Run Behavior\WriteHtmlCacheBehavior [ RunTime:0.000025s ]
INFO: [ view_filter ] --END-- [ RunTime:-0.000234s ]
INFO: [ app_end ] --START--
INFO: Run Behavior\ShowPageTraceBehavior [ RunTime:0.000594s ]
INFO: [ app_end ] --END-- [ RunTime:0.000741s ]

[ 2016-01-20T15:32:33+08:00 ] 192.168.1.125 /
INFO: [ app_init ] --START--
INFO: Run Behavior\BuildLiteBehavior [ RunTime:0.000022s ]
INFO: Run Common\Behavior\InitHookBehavior [ RunTime:0.001074s ]
INFO: [ app_init ] --END-- [ RunTime:0.001439s ]
INFO: [ app_begin ] --START--
INFO: Run Behavior\ReadHtmlCacheBehavior [ RunTime:0.000392s ]
INFO: [ app_begin ] --END-- [ RunTime:0.000495s ]
SQL: SHOW COLUMNS FROM `webapp_config` [ RunTime:0.0025s ]
SQL: SELECT `type`,`name`,`value` FROM `webapp_config` WHERE `status` = 1  [ RunTime:0.0003s ]
SQL: SHOW COLUMNS FROM `webapp_category` [ RunTime:0.0027s ]
SQL: SELECT `id`,`name`,`title`,`pid`,`sort`,`list_row`,`meta_title`,`keywords`,`description`,`template_index`,`template_lists`,`template_detail`,`template_edit`,`model`,`model_sub`,`type`,`link_id`,`allow_publish`,`display`,`reply`,`check`,`reply_model`,`extend`,`create_time`,`update_time`,`status`,`icon`,`groups` FROM `webapp_category` WHERE `status` = 1 ORDER BY sort  [ RunTime:0.0005s ]
SQL: SHOW COLUMNS FROM `webapp_document` [ RunTime:0.0032s ]
SQL: SELECT `id`,`uid`,`name`,`title`,`category_id`,`group_id`,`description`,`root`,`pid`,`model_id`,`type`,`position`,`link_id`,`cover_id`,`display`,`deadline`,`attach`,`view`,`comment`,`extend`,`level`,`create_time`,`update_time`,`status` FROM `webapp_document` WHERE `status` = 1 AND `pid` = 0 AND `create_time` < 1453275153 AND ( deadline = 0 OR deadline > 1453275153 ) ORDER BY `id` DESC  [ RunTime:0.0008s ]
INFO: [ view_parse ] --START--
INFO: [ template_filter ] --START--
INFO: Run Behavior\ContentReplaceBehavior [ RunTime:0.000092s ]
INFO: [ template_filter ] --END-- [ RunTime:0.000198s ]
SQL: SHOW COLUMNS FROM `webapp_channel` [ RunTime:0.0033s ]
SQL: SELECT `id`,`pid`,`title`,`url`,`sort`,`create_time`,`update_time`,`status`,`target` FROM `webapp_channel` WHERE ( status=1 ) ORDER BY sort  [ RunTime:0.0003s ]
INFO: Run Behavior\ParseTemplateBehavior [ RunTime:0.016074s ]
INFO: [ view_parse ] --END-- [ RunTime:0.016279s ]
INFO: [ view_filter ] --START--
INFO: Run Behavior\WriteHtmlCacheBehavior [ RunTime:0.000473s ]
INFO: [ view_filter ] --END-- [ RunTime:0.000581s ]
INFO: [ app_end ] --START--
INFO: Run Behavior\ShowPageTraceBehavior [ RunTime:0.000483s ]
INFO: [ app_end ] --END-- [ RunTime:0.000583s ]

[ 2016-01-20T15:32:35+08:00 ] 192.168.1.125 /Home/Article/index/category/gynecology.html
INFO: [ app_init ] --START--
INFO: Run Behavior\BuildLiteBehavior [ RunTime:0.000022s ]
INFO: Run Common\Behavior\InitHookBehavior [ RunTime:0.001077s ]
INFO: [ app_init ] --END-- [ RunTime:0.001445s ]
INFO: [ app_begin ] --START--
INFO: Run Behavior\ReadHtmlCacheBehavior [ RunTime:0.000318s ]
INFO: [ app_begin ] --END-- [ RunTime:0.000421s ]
SQL: SHOW COLUMNS FROM `webapp_config` [ RunTime:0.0026s ]
SQL: SELECT `type`,`name`,`value` FROM `webapp_config` WHERE `status` = 1  [ RunTime:0.0003s ]
SQL: SHOW COLUMNS FROM `webapp_category` [ RunTime:0.0025s ]
SQL: SELECT `id`,`name`,`title`,`pid`,`sort`,`list_row`,`meta_title`,`keywords`,`description`,`template_index`,`template_lists`,`template_detail`,`template_edit`,`model`,`model_sub`,`type`,`link_id`,`allow_publish`,`display`,`reply`,`check`,`reply_model`,`extend`,`create_time`,`update_time`,`status`,`icon`,`groups` FROM `webapp_category` WHERE `name` = 'gynecology' LIMIT 1   [ RunTime:0.0003s ]
INFO: [ view_parse ] --START--
INFO: [ template_filter ] --START--
INFO: Run Behavior\ContentReplaceBehavior [ RunTime:0.000091s ]
INFO: [ template_filter ] --END-- [ RunTime:0.000203s ]
SQL: SHOW COLUMNS FROM `webapp_channel` [ RunTime:0.0025s ]
SQL: SELECT `id`,`pid`,`title`,`url`,`sort`,`create_time`,`update_time`,`status`,`target` FROM `webapp_channel` WHERE ( status=1 ) ORDER BY sort  [ RunTime:0.0002s ]
SQL: SELECT `id` FROM `webapp_category` WHERE `name` = 'gynecology' LIMIT 1   [ RunTime:0.0002s ]
SQL: SELECT `id` FROM `webapp_category` WHERE `id` = 1 LIMIT 1   [ RunTime:0.0001s ]
SQL: SELECT `id`,`name`,`pid`,`title`,`link_id`,`icon`,`template_index`,`meta_title`,`description` FROM `webapp_category` WHERE `pid` = 1 AND `status` = 1 ORDER BY sort  [ RunTime:0.0003s ]
INFO: [ view_parse ] --START--
INFO: [ template_filter ] --START--
INFO: Run Behavior\ContentReplaceBehavior [ RunTime:0.000064s ]
INFO: [ template_filter ] --END-- [ RunTime:-0.011000s ]
SQL: SHOW COLUMNS FROM `webapp_picture` [ RunTime:0.0025s ]
SQL: SELECT * FROM `webapp_picture` WHERE `status` = 1 AND `id` = 6 LIMIT 1   [ RunTime:0.0002s ]
SQL: SELECT * FROM `webapp_picture` WHERE `status` = 1 AND `id` = 7 LIMIT 1   [ RunTime:0.0002s ]
SQL: SELECT * FROM `webapp_picture` WHERE `status` = 1 AND `id` = 5 LIMIT 1   [ RunTime:0.0002s ]
SQL: SELECT * FROM `webapp_picture` WHERE `status` = 1 AND `id` = 8 LIMIT 1   [ RunTime:0.0002s ]
INFO: Run Behavior\ParseTemplateBehavior [ RunTime:0.011599s ]
INFO: [ view_parse ] --END-- [ RunTime:0.011698s ]
INFO: [ view_filter ] --START--
INFO: Run Behavior\WriteHtmlCacheBehavior [ RunTime:0.000358s ]
INFO: [ view_filter ] --END-- [ RunTime:0.000455s ]
SQL: SELECT `pid` FROM `webapp_category` WHERE `id` = 1 LIMIT 1   [ RunTime:0.0002s ]
SQL: SELECT `id`,`name`,`pid`,`title`,`link_id`,`icon`,`template_index` FROM `webapp_category` WHERE `pid` = 0 AND `status` = 1 ORDER BY sort  [ RunTime:0.0003s ]
INFO: [ view_parse ] --START--
INFO: [ template_filter ] --START--
INFO: Run Behavior\ContentReplaceBehavior [ RunTime:0.000066s ]
INFO: [ template_filter ] --END-- [ RunTime:-0.025052s ]
SQL: SELECT * FROM `webapp_picture` WHERE `status` = 1 AND `id` = 1 LIMIT 1   [ RunTime:0.0002s ]
SQL: SELECT * FROM `webapp_picture` WHERE `status` = 1 AND `id` = 20 LIMIT 1   [ RunTime:0.0004s ]
SQL: SELECT * FROM `webapp_picture` WHERE `status` = 1 AND `id` = 3 LIMIT 1   [ RunTime:0.0003s ]
SQL: SELECT * FROM `webapp_picture` WHERE `status` = 1 AND `id` = 4 LIMIT 1   [ RunTime:0.0002s ]
INFO: Run Behavior\ParseTemplateBehavior [ RunTime:0.008599s ]
INFO: [ view_parse ] --END-- [ RunTime:-0.002048s ]
INFO: [ view_filter ] --START--
INFO: Run Behavior\WriteHtmlCacheBehavior [ RunTime:0.000028s ]
INFO: [ view_filter ] --END-- [ RunTime:-0.010291s ]
INFO: Run Behavior\ParseTemplateBehavior [ RunTime:0.008934s ]
INFO: [ view_parse ] --END-- [ RunTime:-0.002048s ]
INFO: [ view_filter ] --START--
INFO: Run Behavior\WriteHtmlCacheBehavior [ RunTime:0.000024s ]
INFO: [ view_filter ] --END-- [ RunTime:-0.010614s ]
INFO: [ app_end ] --START--
INFO: Run Behavior\ShowPageTraceBehavior [ RunTime:0.000524s ]
INFO: [ app_end ] --END-- [ RunTime:0.000619s ]

[ 2016-01-20T15:32:36+08:00 ] 192.168.1.125 /Home/Article/lists/category/diseasesForGynecology.html
INFO: [ app_init ] --START--
INFO: Run Behavior\BuildLiteBehavior [ RunTime:0.000021s ]
INFO: Run Common\Behavior\InitHookBehavior [ RunTime:0.001699s ]
INFO: [ app_init ] --END-- [ RunTime:0.002096s ]
INFO: [ app_begin ] --START--
INFO: Run Behavior\ReadHtmlCacheBehavior [ RunTime:0.000394s ]
INFO: [ app_begin ] --END-- [ RunTime:0.000480s ]
SQL: SHOW COLUMNS FROM `webapp_config` [ RunTime:0.0025s ]
SQL: SELECT `type`,`name`,`value` FROM `webapp_config` WHERE `status` = 1  [ RunTime:0.0003s ]
SQL: SHOW COLUMNS FROM `webapp_category` [ RunTime:0.0026s ]
SQL: SELECT `id`,`name`,`title`,`pid`,`sort`,`list_row`,`meta_title`,`keywords`,`description`,`template_index`,`template_lists`,`template_detail`,`template_edit`,`model`,`model_sub`,`type`,`link_id`,`allow_publish`,`display`,`reply`,`check`,`reply_model`,`extend`,`create_time`,`update_time`,`status`,`icon`,`groups` FROM `webapp_category` WHERE `name` = 'diseasesForGynecology' LIMIT 1   [ RunTime:0.0005s ]
SQL: SHOW COLUMNS FROM `webapp_document` [ RunTime:0.0033s ]
SQL: SELECT `id`,`uid`,`name`,`title`,`category_id`,`group_id`,`description`,`root`,`pid`,`model_id`,`type`,`position`,`link_id`,`cover_id`,`display`,`deadline`,`attach`,`view`,`comment`,`extend`,`level`,`create_time`,`update_time`,`status` FROM `webapp_document` WHERE `status` = 1 AND `pid` = 0 AND `category_id` = 40 AND `create_time` < 1453275156 AND ( deadline = 0 OR deadline > 1453275156 ) ORDER BY `id` DESC LIMIT 0,10   [ RunTime:0.0003s ]
INFO: [ view_parse ] --START--
INFO: [ template_filter ] --START--
INFO: Run Behavior\ContentReplaceBehavior [ RunTime:0.000125s ]
INFO: [ template_filter ] --END-- [ RunTime:0.000260s ]
SQL: SHOW COLUMNS FROM `webapp_channel` [ RunTime:0.0034s ]
SQL: SELECT `id`,`pid`,`title`,`url`,`sort`,`create_time`,`update_time`,`status`,`target` FROM `webapp_channel` WHERE ( status=1 ) ORDER BY sort  [ RunTime:0.0002s ]
SQL: SELECT `id` FROM `webapp_category` WHERE `name` = 'diseasesForGynecology' LIMIT 1   [ RunTime:0.0002s ]
SQL: SELECT `id` FROM `webapp_category` WHERE `id` = 40 LIMIT 1   [ RunTime:0.0001s ]
SQL: SELECT `id`,`name`,`title`,`icon`,`template_index` FROM `webapp_category` WHERE `pid` = 40 AND `status` = 1 ORDER BY sort  [ RunTime:0.0002s ]
INFO: [ view_parse ] --START--
INFO: [ template_filter ] --START--
INFO: Run Behavior\ContentReplaceBehavior [ RunTime:0.000130s ]
INFO: [ template_filter ] --END-- [ RunTime:-0.016920s ]
SQL: SHOW COLUMNS FROM `webapp_picture` [ RunTime:0.0031s ]
SQL: SELECT * FROM `webapp_picture` WHERE `status` = 1 AND `id` = 10 LIMIT 1   [ RunTime:0.0002s ]
INFO: Run Behavior\ParseTemplateBehavior [ RunTime:0.010322s ]
INFO: [ view_parse ] --END-- [ RunTime:0.010418s ]
INFO: [ view_filter ] --START--
INFO: Run Behavior\WriteHtmlCacheBehavior [ RunTime:0.000354s ]
INFO: [ view_filter ] --END-- [ RunTime:0.000432s ]
SQL: SELECT `pid` FROM `webapp_category` WHERE `id` = 1 LIMIT 1   [ RunTime:0.0001s ]
SQL: SELECT `id`,`name`,`pid`,`title`,`link_id`,`icon`,`template_index` FROM `webapp_category` WHERE `pid` = 0 AND `status` = 1 ORDER BY sort  [ RunTime:0.0002s ]
INFO: [ view_parse ] --START--
INFO: [ template_filter ] --START--
INFO: Run Behavior\ContentReplaceBehavior [ RunTime:0.000066s ]
INFO: [ template_filter ] --END-- [ RunTime:-0.028763s ]
SQL: SELECT * FROM `webapp_picture` WHERE `status` = 1 AND `id` = 1 LIMIT 1   [ RunTime:0.0002s ]
SQL: SELECT * FROM `webapp_picture` WHERE `status` = 1 AND `id` = 20 LIMIT 1   [ RunTime:0.0001s ]
SQL: SELECT * FROM `webapp_picture` WHERE `status` = 1 AND `id` = 3 LIMIT 1   [ RunTime:0.0002s ]
SQL: SELECT * FROM `webapp_picture` WHERE `status` = 1 AND `id` = 4 LIMIT 1   [ RunTime:0.0003s ]
INFO: Run Behavior\ParseTemplateBehavior [ RunTime:0.007933s ]
INFO: [ view_parse ] --END-- [ RunTime:-0.001934s ]
INFO: [ view_filter ] --START--
INFO: Run Behavior\WriteHtmlCacheBehavior [ RunTime:0.000047s ]
INFO: [ view_filter ] --END-- [ RunTime:-0.009582s ]
INFO: Run Behavior\ParseTemplateBehavior [ RunTime:0.008477s ]
INFO: [ view_parse ] --END-- [ RunTime:-0.001934s ]
INFO: [ view_filter ] --START--
INFO: Run Behavior\WriteHtmlCacheBehavior [ RunTime:0.000027s ]
INFO: [ view_filter ] --END-- [ RunTime:-0.010131s ]
INFO: [ app_end ] --START--
INFO: Run Behavior\ShowPageTraceBehavior [ RunTime:0.001128s ]
INFO: [ app_end ] --END-- [ RunTime:0.001279s ]

[ 2016-01-20T15:32:38+08:00 ] 192.168.1.125 /Home/Article/lists/category/activityForGynecology.html
INFO: [ app_init ] --START--
INFO: Run Behavior\BuildLiteBehavior [ RunTime:0.000022s ]
INFO: Run Common\Behavior\InitHookBehavior [ RunTime:0.001118s ]
INFO: [ app_init ] --END-- [ RunTime:0.001485s ]
INFO: [ app_begin ] --START--
INFO: Run Behavior\ReadHtmlCacheBehavior [ RunTime:0.000319s ]
INFO: [ app_begin ] --END-- [ RunTime:0.000404s ]
SQL: SHOW COLUMNS FROM `webapp_config` [ RunTime:0.0025s ]
SQL: SELECT `type`,`name`,`value` FROM `webapp_config` WHERE `status` = 1  [ RunTime:0.0002s ]
SQL: SHOW COLUMNS FROM `webapp_category` [ RunTime:0.0026s ]
SQL: SELECT `id`,`name`,`title`,`pid`,`sort`,`list_row`,`meta_title`,`keywords`,`description`,`template_index`,`template_lists`,`template_detail`,`template_edit`,`model`,`model_sub`,`type`,`link_id`,`allow_publish`,`display`,`reply`,`check`,`reply_model`,`extend`,`create_time`,`update_time`,`status`,`icon`,`groups` FROM `webapp_category` WHERE `name` = 'activityForGynecology' LIMIT 1   [ RunTime:0.0003s ]
SQL: SHOW COLUMNS FROM `webapp_document` [ RunTime:0.0033s ]
SQL: SELECT `id`,`uid`,`name`,`title`,`category_id`,`group_id`,`description`,`root`,`pid`,`model_id`,`type`,`position`,`link_id`,`cover_id`,`display`,`deadline`,`attach`,`view`,`comment`,`extend`,`level`,`create_time`,`update_time`,`status` FROM `webapp_document` WHERE `status` = 1 AND `pid` = 0 AND `category_id` = 2 AND `create_time` < 1453275158 AND ( deadline = 0 OR deadline > 1453275158 ) ORDER BY `id` DESC LIMIT 0,10   [ RunTime:0.0007s ]
INFO: [ view_parse ] --START--
INFO: [ template_filter ] --START--
INFO: Run Behavior\ContentReplaceBehavior [ RunTime:0.000118s ]
INFO: [ template_filter ] --END-- [ RunTime:0.000214s ]
SQL: SHOW COLUMNS FROM `webapp_channel` [ RunTime:0.0046s ]
SQL: SELECT `id`,`pid`,`title`,`url`,`sort`,`create_time`,`update_time`,`status`,`target` FROM `webapp_channel` WHERE ( status=1 ) ORDER BY sort  [ RunTime:0.0003s ]
SQL: SELECT `id`,`name`,`title`,`pid`,`sort`,`list_row`,`meta_title`,`keywords`,`description`,`template_index`,`template_lists`,`template_detail`,`template_edit`,`model`,`model_sub`,`type`,`link_id`,`allow_publish`,`display`,`reply`,`check`,`reply_model`,`extend`,`create_time`,`update_time`,`status`,`icon`,`groups` FROM `webapp_category` WHERE `name` = 'activityForGynecology' LIMIT 1   [ RunTime:0.0003s ]
NOTIC: [8] Undefined variable: p D:\wamp\www\webapp\Application\Home\Widget\CategoryWidget.class.php 第 81 行.
SQL: SELECT `id`,`uid`,`name`,`title`,`category_id`,`group_id`,`description`,`root`,`pid`,`model_id`,`type`,`position`,`link_id`,`cover_id`,`display`,`deadline`,`attach`,`view`,`comment`,`extend`,`level`,`create_time`,`update_time`,`status` FROM `webapp_document` WHERE `status` = 1 AND `pid` = 0 AND `category_id` = 2 AND `create_time` < 1453275158 AND ( deadline = 0 OR deadline > 1453275158 ) ORDER BY `id` DESC LIMIT 0,10   [ RunTime:0.0003s ]
INFO: [ view_parse ] --START--
INFO: [ template_filter ] --START--
INFO: Run Behavior\ContentReplaceBehavior [ RunTime:0.000064s ]
INFO: [ template_filter ] --END-- [ RunTime:-0.033352s ]
SQL: SHOW COLUMNS FROM `webapp_picture` [ RunTime:0.0040s ]
SQL: SELECT * FROM `webapp_picture` WHERE `status` = 1 AND `id` = 9 LIMIT 1   [ RunTime:0.0003s ]
SQL: SELECT * FROM `webapp_picture` WHERE `status` = 1 AND `id` = 17 LIMIT 1   [ RunTime:0.0004s ]
SQL: SELECT * FROM `webapp_picture` WHERE `status` = 1 AND `id` = 17 LIMIT 1   [ RunTime:0.0002s ]
SQL: SELECT * FROM `webapp_picture` WHERE `status` = 1 AND `id` = 9 LIMIT 1   [ RunTime:0.0001s ]
SQL: SELECT * FROM `webapp_picture` WHERE `status` = 1 AND `id` = 9 LIMIT 1   [ RunTime:0.0001s ]
SQL: SELECT * FROM `webapp_picture` WHERE `status` = 1 AND `id` = 17 LIMIT 1   [ RunTime:0.0001s ]
SQL: SELECT * FROM `webapp_picture` WHERE `status` = 1 AND `id` = 17 LIMIT 1   [ RunTime:0.0001s ]
SQL: SELECT * FROM `webapp_picture` WHERE `status` = 1 AND `id` = 9 LIMIT 1   [ RunTime:0.0001s ]
INFO: Run Behavior\ParseTemplateBehavior [ RunTime:0.015279s ]
INFO: [ view_parse ] --END-- [ RunTime:0.015363s ]
INFO: [ view_filter ] --START--
INFO: Run Behavior\WriteHtmlCacheBehavior [ RunTime:0.000389s ]
INFO: [ view_filter ] --END-- [ RunTime:0.000471s ]
SQL: SELECT `pid` FROM `webapp_category` WHERE `id` = 1 LIMIT 1   [ RunTime:0.0002s ]
SQL: SELECT `id`,`name`,`pid`,`title`,`link_id`,`icon`,`template_index` FROM `webapp_category` WHERE `pid` = 0 AND `status` = 1 ORDER BY sort  [ RunTime:0.0004s ]
INFO: [ view_parse ] --START--
INFO: [ template_filter ] --START--
INFO: Run Behavior\ContentReplaceBehavior [ RunTime:0.000066s ]
INFO: [ template_filter ] --END-- [ RunTime:-0.051245s ]
SQL: SELECT * FROM `webapp_picture` WHERE `status` = 1 AND `id` = 1 LIMIT 1   [ RunTime:0.0006s ]
SQL: SELECT * FROM `webapp_picture` WHERE `status` = 1 AND `id` = 20 LIMIT 1   [ RunTime:0.0006s ]
SQL: SELECT * FROM `webapp_picture` WHERE `status` = 1 AND `id` = 3 LIMIT 1   [ RunTime:0.0004s ]
SQL: SELECT * FROM `webapp_picture` WHERE `status` = 1 AND `id` = 4 LIMIT 1   [ RunTime:0.0002s ]
INFO: Run Behavior\ParseTemplateBehavior [ RunTime:0.009817s ]
INFO: [ view_parse ] --END-- [ RunTime:-0.002507s ]
INFO: [ view_filter ] --START--
INFO: Run Behavior\WriteHtmlCacheBehavior [ RunTime:0.000027s ]
INFO: [ view_filter ] --END-- [ RunTime:-0.011938s ]
INFO: Run Behavior\ParseTemplateBehavior [ RunTime:0.010105s ]
INFO: [ view_parse ] --END-- [ RunTime:-0.002507s ]
INFO: [ view_filter ] --START--
INFO: Run Behavior\WriteHtmlCacheBehavior [ RunTime:0.000024s ]
INFO: [ view_filter ] --END-- [ RunTime:-0.012224s ]
INFO: [ app_end ] --START--
INFO: Run Behavior\ShowPageTraceBehavior [ RunTime:0.000628s ]
INFO: [ app_end ] --END-- [ RunTime:0.000719s ]

